{"level":"info","message":"NODE_ENV: development","timestamp":"2018-10-02T08:20:28.425Z"}
{"level":"info","message":"App: My web App","timestamp":"2018-10-02T08:20:28.426Z"}
{"level":"info","message":"listening on port 80...","timestamp":"2018-10-02T08:20:28.427Z"}
{"level":"info","message":"Rolled back unfinished transactions..","timestamp":"2018-10-02T08:20:30.553Z"}
{"level":"info","message":"Database GSM closed.","timestamp":"2018-10-02T08:20:53.795Z"}
{"level":"info","message":"NODE_ENV: test","timestamp":"2018-10-02T08:21:07.834Z"}
{"level":"info","message":"App: My web App","timestamp":"2018-10-02T08:21:07.835Z"}
{"level":"info","message":"listening on port 80...","timestamp":"2018-10-02T08:21:07.835Z"}
{"level":"info","message":"Rolled back unfinished transactions..","timestamp":"2018-10-02T08:21:09.920Z"}
{"message":"Greeting never received","stack":"Error: Greeting never received\n    at SMTPConnection._formatError (C:\\Users\\deleo\\OneDrive\\Webdev\\projects\\gsm\\node_modules\\nodemailer\\lib\\smtp-connection\\index.js:606:19)\n    at SMTPConnection._onError (C:\\Users\\deleo\\OneDrive\\Webdev\\projects\\gsm\\node_modules\\nodemailer\\lib\\smtp-connection\\index.js:579:20)\n    at Timeout._greetingTimeout.setTimeout (C:\\Users\\deleo\\OneDrive\\Webdev\\projects\\gsm\\node_modules\\nodemailer\\lib\\smtp-connection\\index.js:520:22)\n    at ontimeout (timers.js:498:11)\n    at tryOnTimeout (timers.js:323:5)\n    at Timer.listOnTimeout (timers.js:290:5)","code":"ETIMEDOUT","command":"CONN","level":"error","timestamp":"2018-10-02T08:21:58.358Z"}
{"level":"info","message":"Database GSM_TEST closed.","timestamp":"2018-10-02T08:23:21.896Z"}
{"level":"info","message":"NODE_ENV: test","timestamp":"2018-10-02T08:23:24.768Z"}
{"level":"info","message":"App: My web App","timestamp":"2018-10-02T08:23:24.769Z"}
{"level":"info","message":"listening on port 80...","timestamp":"2018-10-02T08:23:24.769Z"}
{"level":"info","message":"Rolled back unfinished transactions..","timestamp":"2018-10-02T08:23:26.850Z"}
{"level":"info","message":"Database GSM_TEST closed.","timestamp":"2018-10-02T08:25:19.445Z"}
{"level":"info","message":"NODE_ENV: test","timestamp":"2018-10-02T08:25:21.676Z"}
{"level":"info","message":"App: My web App","timestamp":"2018-10-02T08:25:21.677Z"}
{"level":"info","message":"listening on port 80...","timestamp":"2018-10-02T08:25:21.677Z"}
{"level":"info","message":"Rolled back unfinished transactions..","timestamp":"2018-10-02T08:25:23.764Z"}
{"level":"info","message":"Database GSM_TEST closed.","timestamp":"2018-10-02T08:25:26.410Z"}
{"level":"info","message":"NODE_ENV: test","timestamp":"2018-10-04T03:28:23.508Z"}
{"level":"info","message":"App: My web App","timestamp":"2018-10-04T03:28:23.511Z"}
{"level":"info","message":"listening on port 80...","timestamp":"2018-10-04T03:28:23.512Z"}
{"level":"info","message":"NODE_ENV: test","timestamp":"2018-10-04T03:28:48.797Z"}
{"level":"info","message":"App: My web App","timestamp":"2018-10-04T03:28:48.800Z"}
{"level":"info","message":"listening on port 80...","timestamp":"2018-10-04T03:28:48.801Z"}
{"level":"info","message":"Rolled back unfinished transactions..","timestamp":"2018-10-04T03:28:52.809Z"}
{"level":"info","message":"Connected to database GSM_TEST...","timestamp":"2018-10-04T03:34:13.323Z"}
{"level":"info","message":"Connected to database GSM_TEST...","timestamp":"2018-10-04T04:18:42.582Z"}
{"level":"info","message":"Database GSM_TEST closed.","timestamp":"2018-10-04T04:33:44.791Z"}
{"level":"info","message":"NODE_ENV: test","timestamp":"2018-10-04T04:33:55.825Z"}
{"level":"info","message":"App: My web App","timestamp":"2018-10-04T04:33:55.827Z"}
{"level":"info","message":"listening on port 8080...","timestamp":"2018-10-04T04:33:55.827Z"}
{"level":"info","message":"Rolled back unfinished transactions..","timestamp":"2018-10-04T04:33:59.775Z"}
{"level":"info","message":"Database GSM_TEST closed.","timestamp":"2018-10-04T04:40:14.040Z"}
{"level":"info","message":"NODE_ENV: test","timestamp":"2018-10-04T04:40:48.575Z"}
{"level":"info","message":"App: My web App","timestamp":"2018-10-04T04:40:48.577Z"}
{"level":"info","message":"listening on port 8080...","timestamp":"2018-10-04T04:40:48.577Z"}
{"level":"info","message":"Rolled back unfinished transactions..","timestamp":"2018-10-04T04:40:58.544Z"}
{"level":"info","message":"Database GSM_TEST closed.","timestamp":"2018-10-04T04:44:55.501Z"}
{"level":"info","message":"NODE_ENV: test","timestamp":"2018-10-04T04:45:23.253Z"}
{"level":"info","message":"App: My web App","timestamp":"2018-10-04T04:45:23.255Z"}
{"level":"info","message":"listening on port 8080...","timestamp":"2018-10-04T04:45:23.255Z"}
{"level":"info","message":"Rolled back unfinished transactions..","timestamp":"2018-10-04T04:45:27.471Z"}
{"level":"info","message":"Database GSM_TEST closed.","timestamp":"2018-10-04T04:56:38.668Z"}
{"level":"info","message":"NODE_ENV: test","timestamp":"2018-10-04T04:57:15.807Z"}
{"level":"info","message":"App: My web App","timestamp":"2018-10-04T04:57:15.808Z"}
{"level":"info","message":"listening on port 8080...","timestamp":"2018-10-04T04:57:15.809Z"}
{"level":"info","message":"Rolled back unfinished transactions..","timestamp":"2018-10-04T04:57:20.143Z"}
{"level":"info","message":"Database GSM_TEST closed.","timestamp":"2018-10-04T05:00:59.425Z"}
{"level":"info","message":"NODE_ENV: test","timestamp":"2018-10-04T05:01:12.229Z"}
{"level":"info","message":"App: My web App","timestamp":"2018-10-04T05:01:12.230Z"}
{"level":"info","message":"listening on port 80...","timestamp":"2018-10-04T05:01:12.231Z"}
{"level":"info","message":"Rolled back unfinished transactions..","timestamp":"2018-10-04T05:01:17.645Z"}
{"level":"info","message":"Connected to database GSM_TEST...","timestamp":"2018-10-04T08:13:49.863Z"}
{"level":"info","message":"Database GSM_TEST closed.","timestamp":"2018-10-04T08:14:08.240Z"}
{"level":"info","message":"NODE_ENV: test","timestamp":"2018-10-08T16:20:25.846Z"}
{"level":"info","message":"App: My web App","timestamp":"2018-10-08T16:20:25.849Z"}
{"level":"info","message":"listening on port 80...","timestamp":"2018-10-08T16:20:25.849Z"}
{"level":"info","message":"Rolled back unfinished transactions..","timestamp":"2018-10-08T16:20:28.342Z"}
{"level":"info","message":"Database GSM_TEST closed.","timestamp":"2018-10-08T16:26:10.669Z"}
{"level":"info","message":"NODE_ENV: test","timestamp":"2018-10-09T04:00:23.686Z"}
{"level":"info","message":"App: My web App","timestamp":"2018-10-09T04:00:23.687Z"}
{"level":"info","message":"listening on port 80...","timestamp":"2018-10-09T04:00:23.687Z"}
{"level":"info","message":"Rolled back unfinished transactions..","timestamp":"2018-10-09T04:00:25.905Z"}
{"level":"info","message":"Database GSM_TEST closed.","timestamp":"2018-10-09T04:04:24.314Z"}
{"level":"info","message":"NODE_ENV: test","timestamp":"2018-10-09T04:04:36.657Z"}
{"level":"info","message":"App: My web App","timestamp":"2018-10-09T04:04:36.658Z"}
{"level":"info","message":"listening on port 8080...","timestamp":"2018-10-09T04:04:36.658Z"}
{"level":"info","message":"Rolled back unfinished transactions..","timestamp":"2018-10-09T04:04:38.782Z"}
{"level":"info","message":"Database GSM_TEST closed.","timestamp":"2018-10-09T04:06:31.666Z"}
{"level":"info","message":"NODE_ENV: test","timestamp":"2018-10-09T04:10:11.317Z"}
{"level":"info","message":"App: My web App","timestamp":"2018-10-09T04:10:11.320Z"}
{"level":"info","message":"listening on port 80...","timestamp":"2018-10-09T04:10:11.321Z"}
{"level":"info","message":"Rolled back unfinished transactions..","timestamp":"2018-10-09T04:10:13.590Z"}
{"level":"info","message":"Database GSM_TEST closed.","timestamp":"2018-10-09T04:15:02.775Z"}
